SF:/Users/skyler/github/nooline/common/js/nooline/models/category.js
DA:2,1
DA:5,1
DA:9,1
DA:10,1
DA:11,1
DA:12,1
DA:25,1
DA:39,1
DA:41,1
DA:44,1
DA:46,0
DA:47,0
DA:51,1
DA:53,1
DA:55,1
DA:58,1
DA:60,1
DA:67,1
DA:68,1
DA:70,1
DA:72,1
DA:73,1
DA:77,0
DA:81,0
end_of_record
SF:/Users/skyler/github/nooline/common/js/nooline/views/category-view.js
DA:2,1
DA:5,1
DA:9,1
DA:10,1
DA:11,1
DA:22,1
DA:35,1
DA:37,1
DA:38,1
DA:41,1
DA:46,1
DA:47,1
DA:49,1
DA:51,1
DA:52,1
DA:56,0
end_of_record
SF:/Users/skyler/github/nooline/common/js/nooline/collections/snippets.js
DA:2,1
DA:5,1
DA:9,1
DA:10,1
DA:11,1
DA:24,1
DA:32,0
DA:34,0
DA:35,0
DA:38,0
DA:50,0
DA:51,0
DA:56,1
DA:57,1
DA:59,1
DA:61,1
DA:62,1
DA:66,0
end_of_record
SF:/Users/skyler/github/nooline/common/js/nooline/models/category/setup.js
DA:2,1
DA:5,1
DA:9,1
DA:11,1
DA:13,0
DA:24,0
DA:26,0
DA:28,0
DA:49,0
DA:51,0
DA:53,0
DA:66,1
DA:68,1
DA:69,1
DA:70,1
DA:71,1
DA:72,1
DA:73,1
DA:74,1
DA:75,1
DA:76,1
DA:77,1
end_of_record
SF:/Users/skyler/github/nooline/common/js/nooline/models/category/bind-events.js
DA:2,1
DA:5,1
DA:9,1
DA:20,1
DA:22,1
end_of_record
SF:/Users/skyler/github/nooline/common/js/nooline/models/category/load-collection.js
DA:2,1
DA:5,1
DA:9,1
DA:18,1
DA:19,0
DA:20,0
DA:21,0
DA:22,0
DA:24,0
DA:25,0
DA:26,0
DA:27,0
DA:28,0
DA:29,0
DA:30,0
DA:32,0
DA:40,0
DA:42,0
DA:46,0
end_of_record
SF:/Users/skyler/github/nooline/common/js/nooline/models/category/load-meta.js
DA:2,1
DA:5,1
DA:9,1
DA:18,1
DA:19,0
DA:20,0
DA:21,0
DA:23,0
DA:24,0
DA:27,0
DA:28,0
DA:30,0
DA:32,0
DA:33,0
DA:37,0
DA:38,0
DA:40,0
DA:48,0
DA:54,0
end_of_record
SF:/Users/skyler/github/nooline/common/js/nooline/models/category/load-index.js
DA:2,1
DA:5,1
DA:9,1
DA:18,1
DA:19,0
DA:20,0
DA:21,0
DA:22,0
DA:24,0
DA:25,0
DA:26,0
DA:28,0
DA:30,0
DA:34,0
DA:35,0
DA:37,0
DA:39,0
DA:41,0
DA:42,0
DA:43,0
DA:47,0
DA:48,0
DA:51,0
DA:62,0
DA:64,0
DA:76,0
DA:85,0
DA:91,0
end_of_record
SF:/Users/skyler/github/nooline/common/js/nooline/models/category/load-snippets.js
DA:2,1
DA:5,1
DA:9,1
DA:19,1
DA:20,0
DA:21,0
DA:22,0
DA:24,0
DA:26,0
DA:27,0
DA:29,0
DA:31,0
DA:35,0
DA:37,0
DA:39,0
DA:44,0
DA:46,0
DA:50,0
DA:56,0
end_of_record
SF:/Users/skyler/github/nooline/common/js/nooline/models/category/report-snippets.js
DA:2,1
DA:5,1
DA:9,1
DA:16,1
DA:18,0
DA:20,0
end_of_record
SF:/Users/skyler/github/nooline/common/js/nooline/models/category/count-snippets.js
DA:2,1
DA:5,1
DA:9,1
DA:16,1
DA:18,0
DA:20,0
DA:23,0
end_of_record
SF:/Users/skyler/github/nooline/common/js/nooline/models/category/update-index.js
DA:2,1
DA:5,1
DA:9,1
DA:11,1
DA:13,0
DA:14,0
DA:15,0
DA:16,0
DA:17,0
DA:18,0
DA:20,0
DA:22,0
DA:24,0
DA:25,0
DA:27,0
DA:31,0
DA:33,0
DA:37,0
DA:39,0
DA:41,0
end_of_record
SF:/Users/skyler/github/nooline/common/js/nooline/models/category/commit-version.js
DA:2,1
DA:5,1
DA:9,1
DA:11,1
DA:13,0
DA:14,0
DA:17,0
DA:19,0
DA:21,0
DA:22,0
DA:25,0
DA:27,0
DA:29,0
end_of_record
SF:/Users/skyler/github/nooline/common/js/nooline/models/category/notify-client.js
DA:2,1
DA:5,1
DA:9,1
DA:11,1
DA:12,0
DA:13,0
DA:14,0
DA:15,0
DA:17,0
DA:18,0
DA:20,0
DA:22,0
DA:28,0
DA:29,0
DA:31,0
DA:37,0
DA:39,0
DA:44,0
DA:46,0
DA:49,0
DA:51,0
DA:54,0
DA:56,0
DA:57,0
DA:58,0
DA:60,0
DA:64,0
end_of_record
SF:/Users/skyler/github/nooline/common/js/nooline/views/category-view/setup.js
DA:2,1
DA:5,1
DA:8,1
DA:10,1
DA:12,0
DA:18,0
DA:20,0
DA:22,0
DA:38,0
DA:40,0
DA:41,0
DA:55,1
DA:57,1
DA:58,1
DA:59,1
end_of_record
SF:/Users/skyler/github/nooline/common/js/nooline/views/category-view/bind-events.js
DA:2,1
DA:5,1
DA:9,1
DA:15,1
DA:17,1
DA:18,0
DA:21,1
DA:25,1
DA:29,1
end_of_record
SF:/Users/skyler/github/nooline/common/js/nooline/views/category-view/create-snippet.js
DA:2,1
DA:5,1
DA:9,1
DA:16,1
DA:17,0
DA:19,0
end_of_record
SF:/Users/skyler/github/nooline/common/js/nooline/views/category-view/render.js
DA:2,1
DA:5,1
DA:9,1
DA:23,1
DA:24,0
DA:25,0
DA:26,0
DA:27,0
DA:29,0
DA:30,0
DA:31,0
DA:32,0
DA:38,0
DA:39,0
DA:40,0
DA:42,0
DA:43,0
DA:46,0
DA:50,0
DA:69,0
DA:71,0
DA:72,0
DA:74,0
DA:80,0
end_of_record
